<?xml version="1.0" encoding="UTF-8"?>
<testng-results ignored="0" total="1" passed="1" failed="0" skipped="0">
  <reporter-output>
  </reporter-output>
  <suite started-at="2022-09-30T11:20:46 IST" name="Default suite" finished-at="2022-09-30T11:21:24 IST" duration-ms="38799">
    <groups>
    </groups>
    <test started-at="2022-09-30T11:20:46 IST" name="Default test" finished-at="2022-09-30T11:21:24 IST" duration-ms="38799">
      <class name="testVagrant.test.AppTest">
        <test-method is-config="true" signature="loadDriver()[pri:0, instance:testVagrant.test.AppTest@1af2d44a]" started-at="2022-09-30T11:20:46 IST" name="loadDriver" finished-at="2022-09-30T11:21:00 IST" duration-ms="14641" status="PASS">
          <reporter-output>
          </reporter-output>
        </test-method> <!-- loadDriver -->
        <test-method signature="validateMovieDateandcountry()[pri:0, instance:testVagrant.test.AppTest@1af2d44a]" started-at="2022-09-30T11:21:00 IST" name="validateMovieDateandcountry" finished-at="2022-09-30T11:21:24 IST" duration-ms="24085" status="PASS">
          <reporter-output>
          </reporter-output>
        </test-method> <!-- validateMovieDateandcountry -->
      </class> <!-- testVagrant.test.AppTest -->
    </test> <!-- Default test -->
  </suite> <!-- Default suite -->
</testng-results>
